<?xml version="1.0" encoding="UTF-8"?>
<!-- Generated by org.testng.reporters.JUnitXMLReporter -->
<testsuite hostname="DESKTOP-G14U564" ignored="0" name="allTest" tests="3" failures="0" timestamp="02 八月 2018 14:23:54 GMT" time="16.879" errors="0">
  <testcase name="f" time="14.187" classname="com.yzc.mysystem.test.RemoteInternetExplorerTest"/>
  <testcase name="f" time="15.998" classname="com.yzc.mysystem.test.RemoteFirefoxTest"/>
  <testcase name="f" time="16.853" classname="com.yzc.mysystem.test.RemoteChromeTest"/>
</testsuite> <!-- allTest -->
