<?xml version="1.0" encoding="UTF-8"?>
<!-- Generated by org.testng.reporters.JUnitXMLReporter -->
<testsuite hostname="DESKTOP-G14U564" ignored="0" name="test4" tests="7" failures="1" timestamp="30 七月 2018 02:07:27 GMT" time="107.804" errors="0">
  <testcase name="registerTest" time="19.129" classname="com.yzc.hrsystem.test.MyRegisterTest">
    <failure type="java.lang.AssertionError" message="expected [true] but found [false]">
      <![CDATA[java.lang.AssertionError: expected [true] but found [false]
	at com.yzc.hrsystem.test.MyRegisterTest.registerTest(MyRegisterTest.java:38)
	at java.util.concurrent.FutureTask.run(FutureTask.java:266)
	at java.util.concurrent.ThreadPoolExecutor.runWorker(ThreadPoolExecutor.java:1149)
	at java.util.concurrent.ThreadPoolExecutor$Worker.run(ThreadPoolExecutor.java:624)
	at java.lang.Thread.run(Thread.java:748)
... Removed 22 stack frames]]>
    </failure>
  </testcase> <!-- registerTest -->
  <testcase name="registerTest" time="15.03" classname="com.yzc.hrsystem.test.MyRegisterTest"/>
  <testcase name="registerTest" time="14.201" classname="com.yzc.hrsystem.test.MyRegisterTest"/>
  <testcase name="registerTest" time="14.356" classname="com.yzc.hrsystem.test.MyRegisterTest"/>
  <testcase name="registerTest" time="14.263" classname="com.yzc.hrsystem.test.MyRegisterTest"/>
  <testcase name="registerTest" time="14.383" classname="com.yzc.hrsystem.test.MyRegisterTest"/>
  <testcase name="registerTest" time="16.407" classname="com.yzc.hrsystem.test.MyRegisterTest"/>
</testsuite> <!-- test4 -->
