<?xml version="1.0" encoding="UTF-8"?>
<!-- Generated by org.testng.reporters.JUnitReportReporter -->
<testsuite hostname="DESKTOP-G14U564" name="day02.OverTimeTest" tests="1" failures="1" timestamp="25 Jul 2018 05:59:29 GMT" time="3.006" errors="0">
  <testcase name="f" time="3.006" classname="day02.OverTimeTest">
    <failure type="org.testng.internal.thread.ThreadTimeoutException" message="Method org.testng.internal.TestNGMethod.f() didn&#039;t finish within the time-out 3000">
      <![CDATA[org.testng.internal.thread.ThreadTimeoutException: Method org.testng.internal.TestNGMethod.f() didn't finish within the time-out 3000
	at day02.Fibonacci.getFib(Fibonacci.java:24)
	at day02.Fibonacci.getFib(Fibonacci.java:24)
	at day02.Fibonacci.getFib(Fibonacci.java:24)
	at day02.Fibonacci.getFib(Fibonacci.java:24)
	at day02.Fibonacci.getFib(Fibonacci.java:24)
	at day02.Fibonacci.getFib(Fibonacci.java:24)
	at day02.Fibonacci.getFib(Fibonacci.java:24)
	at day02.Fibonacci.getFib(Fibonacci.java:24)
	at day02.Fibonacci.getFib(Fibonacci.java:24)
	at day02.Fibonacci.getFib(Fibonacci.java:24)
	at day02.Fibonacci.getFib(Fibonacci.java:24)
	at day02.Fibonacci.getFib(Fibonacci.java:24)
	at day02.Fibonacci.getFib(Fibonacci.java:24)
	at day02.Fibonacci.getFib(Fibonacci.java:24)
	at day02.Fibonacci.getFib(Fibonacci.java:24)
	at day02.Fibonacci.getFib(Fibonacci.java:24)
	at day02.Fibonacci.getFib(Fibonacci.java:24)
	at day02.Fibonacci.getFib(Fibonacci.java:24)
	at day02.Fibonacci.getFib(Fibonacci.java:24)
	at day02.Fibonacci.getFib(Fibonacci.java:24)
	at day02.Fibonacci.getFib(Fibonacci.java:24)
	at day02.Fibonacci.getFib(Fibonacci.java:24)
	at day02.Fibonacci.getFib(Fibonacci.java:24)
	at day02.Fibonacci.getFib(Fibonacci.java:24)
	at day02.Fibonacci.getFib(Fibonacci.java:24)
	at day02.Fibonacci.getFib(Fibonacci.java:24)
	at day02.Fibonacci.getFib(Fibonacci.java:24)
	at day02.Fibonacci.getFib(Fibonacci.java:24)
	at day02.Fibonacci.getFib(Fibonacci.java:24)
	at day02.Fibonacci.getFib(Fibonacci.java:24)
	at day02.Fibonacci.getFib(Fibonacci.java:24)
	at day02.Fibonacci.getFib(Fibonacci.java:24)
	at day02.Fibonacci.getFib(Fibonacci.java:24)
	at day02.OverTimeTest.f(OverTimeTest.java:9)
	at sun.reflect.NativeMethodAccessorImpl.invoke0(Native Method)
	at sun.reflect.NativeMethodAccessorImpl.invoke(NativeMethodAccessorImpl.java:62)
	at sun.reflect.DelegatingMethodAccessorImpl.invoke(DelegatingMethodAccessorImpl.java:43)
	at java.lang.reflect.Method.invoke(Method.java:498)
	at org.testng.internal.MethodInvocationHelper.invokeMethod(MethodInvocationHelper.java:84)
	at org.testng.internal.InvokeMethodRunnable.runOne(InvokeMethodRunnable.java:46)
	at org.testng.internal.InvokeMethodRunnable.run(InvokeMethodRunnable.java:37)
	at java.util.concurrent.Executors$RunnableAdapter.call(Executors.java:511)
	at java.util.concurrent.FutureTask.run(FutureTask.java:266)
	at java.util.concurrent.ThreadPoolExecutor.runWorker(ThreadPoolExecutor.java:1149)
	at java.util.concurrent.ThreadPoolExecutor$Worker.run(ThreadPoolExecutor.java:624)
	at java.lang.Thread.run(Thread.java:748)
]]>
    </failure>
  </testcase> <!-- f -->
</testsuite> <!-- day02.OverTimeTest -->
