<?xml version="1.0" encoding="UTF-8"?>
<testng-results skipped="0" failed="0" ignored="0" total="1" passed="1">
  <reporter-output>
  </reporter-output>
  <suite name="Default suite" duration-ms="82" started-at="2018-08-05T04:24:04Z" finished-at="2018-08-05T04:24:04Z">
    <groups>
    </groups>
    <test name="Default test" duration-ms="82" started-at="2018-08-05T04:24:04Z" finished-at="2018-08-05T04:24:04Z">
      <class name="examples.XML51JobReadTest">
        <test-method status="PASS" signature="read()[pri:0, instance:examples.XML51JobReadTest@feb3fa]" name="read" duration-ms="65" started-at="2018-08-05T12:24:04Z" finished-at="2018-08-05T12:24:04Z">
          <reporter-output>
          </reporter-output>
        </test-method> <!-- read -->
      </class> <!-- examples.XML51JobReadTest -->
    </test> <!-- Default test -->
  </suite> <!-- Default suite -->
</testng-results>
