<?xml version="1.0" encoding="UTF-8"?>
<!-- Generated by org.testng.reporters.JUnitXMLReporter -->
<testsuite hostname="DESKTOP-G14U564" name="Test101" tests="4" failures="0" timestamp="25 Jul 2018 06:25:42 GMT" time="0.039" errors="0">
  <testcase name="f3" time="0.015" classname="day02.GroupTest"/>
  <testcase name="f4" time="0.001" classname="day02.GroupTest"/>
  <testcase name="f6" time="0.001" classname="day02.GroupTest2"/>
  <testcase name="f7" time="0.002" classname="day02.GroupTest2"/>
</testsuite> <!-- Test101 -->
