<?xml version="1.0" encoding="UTF-8"?>
<testng-results skipped="0" failed="0" ignored="0" total="1" passed="1">
  <reporter-output>
  </reporter-output>
  <suite name="Default suite" duration-ms="45865" started-at="2018-08-04T02:55:46Z" finished-at="2018-08-04T02:56:32Z">
    <groups>
    </groups>
    <test name="Default test" duration-ms="45865" started-at="2018-08-04T02:55:46Z" finished-at="2018-08-04T02:56:32Z">
      <class name="app.test.AppTest2">
        <test-method status="PASS" signature="testAdd()[pri:0, instance:app.test.AppTest2@322d26]" name="testAdd" duration-ms="42074" started-at="2018-08-04T10:55:46Z" finished-at="2018-08-04T10:56:28Z">
          <reporter-output>
          </reporter-output>
        </test-method> <!-- testAdd -->
        <test-method status="PASS" signature="end()[pri:0, instance:app.test.AppTest2@322d26]" name="end" is-config="true" duration-ms="3758" started-at="2018-08-04T10:56:28Z" finished-at="2018-08-04T10:56:32Z">
          <reporter-output>
          </reporter-output>
        </test-method> <!-- end -->
      </class> <!-- app.test.AppTest2 -->
    </test> <!-- Default test -->
  </suite> <!-- Default suite -->
</testng-results>
