-------------------------------------------------------------------------------
Test set: TestSuite
-------------------------------------------------------------------------------
Tests run: 11, Failures: 1, Errors: 0, Skipped: 0, Time elapsed: 3.835 sec <<< FAILURE!
f(day02.OverTimeTest)  Time elapsed: 3.009 sec  <<< FAILURE!
org.testng.internal.thread.ThreadTimeoutException: Method org.testng.internal.TestNGMethod.f() didn't finish within the time-out 3000
	at day02.Fibonacci.getFib(Fibonacci.java:24)
	at day02.Fibonacci.getFib(Fibonacci.java:24)
	at day02.Fibonacci.getFib(Fibonacci.java:24)
	at day02.Fibonacci.getFib(Fibonacci.java:24)
	at day02.Fibonacci.getFib(Fibonacci.java:24)
	at day02.Fibonacci.getFib(Fibonacci.java:24)
	at day02.Fibonacci.getFib(Fibonacci.java:24)
	at day02.Fibonacci.getFib(Fibonacci.java:24)
	at day02.Fibonacci.getFib(Fibonacci.java:24)
	at day02.Fibonacci.getFib(Fibonacci.java:24)
	at day02.Fibonacci.getFib(Fibonacci.java:24)
	at day02.Fibonacci.getFib(Fibonacci.java:24)
	at day02.Fibonacci.getFib(Fibonacci.java:24)
	at day02.Fibonacci.getFib(Fibonacci.java:24)
	at day02.Fibonacci.getFib(Fibonacci.java:24)
	at day02.Fibonacci.getFib(Fibonacci.java:24)
	at day02.Fibonacci.getFib(Fibonacci.java:24)
	at day02.Fibonacci.getFib(Fibonacci.java:24)
	at day02.Fibonacci.getFib(Fibonacci.java:24)
	at day02.Fibonacci.getFib(Fibonacci.java:24)
	at day02.Fibonacci.getFib(Fibonacci.java:24)
	at day02.Fibonacci.getFib(Fibonacci.java:24)
	at day02.Fibonacci.getFib(Fibonacci.java:24)
	at day02.Fibonacci.getFib(Fibonacci.java:24)
	at day02.Fibonacci.getFib(Fibonacci.java:24)
	at day02.Fibonacci.getFib(Fibonacci.java:24)
	at day02.Fibonacci.getFib(Fibonacci.java:24)
	at day02.Fibonacci.getFib(Fibonacci.java:24)
	at day02.Fibonacci.getFib(Fibonacci.java:24)
	at day02.Fibonacci.getFib(Fibonacci.java:24)
	at day02.Fibonacci.getFib(Fibonacci.java:24)
	at day02.Fibonacci.getFib(Fibonacci.java:24)
	at day02.Fibonacci.getFib(Fibonacci.java:24)
	at day02.OverTimeTest.f(OverTimeTest.java:9)

