<?xml version="1.0" encoding="UTF-8"?>
<!-- Generated by org.testng.reporters.JUnitXMLReporter -->
<testsuite hostname="DESKTOP-G14U564" name="Command line test" tests="11" failures="1" timestamp="25 Jul 2018 05:59:28 GMT" time="3.025" errors="0">
  <testcase name="f1" time="0.001" classname="day02.GroupTest"/>
  <testcase name="f2" time="0.0" classname="day02.GroupTest"/>
  <testcase name="f3" time="0.0" classname="day02.GroupTest"/>
  <testcase name="f4" time="0.0" classname="day02.GroupTest"/>
  <testcase name="f" time="0.0" classname="day02.HelloTest"/>
  <testcase name="f2" time="0.0" classname="day02.HelloTest"/>
  <testcase name="f1" time="0.001" classname="day02.IgnoreTest"/>
  <testcase name="f" time="0.001" classname="day02.MyExceptionTest"/>
  <testcase name="f" time="3.006" classname="day02.OverTimeTest">
    <failure type="org.testng.internal.thread.ThreadTimeoutException" message="Method org.testng.internal.TestNGMethod.f() didn&amp;apos;t finish within the time-out 3000">
      <![CDATA[org.testng.internal.thread.ThreadTimeoutException: Method org.testng.internal.TestNGMethod.f() didn't finish within the time-out 3000
	at day02.Fibonacci.getFib(Fibonacci.java:24)
	at day02.Fibonacci.getFib(Fibonacci.java:24)
	at day02.Fibonacci.getFib(Fibonacci.java:24)
	at day02.Fibonacci.getFib(Fibonacci.java:24)
	at day02.Fibonacci.getFib(Fibonacci.java:24)
	at day02.Fibonacci.getFib(Fibonacci.java:24)
	at day02.Fibonacci.getFib(Fibonacci.java:24)
	at day02.Fibonacci.getFib(Fibonacci.java:24)
	at day02.Fibonacci.getFib(Fibonacci.java:24)
	at day02.Fibonacci.getFib(Fibonacci.java:24)
	at day02.Fibonacci.getFib(Fibonacci.java:24)
	at day02.Fibonacci.getFib(Fibonacci.java:24)
	at day02.Fibonacci.getFib(Fibonacci.java:24)
	at day02.Fibonacci.getFib(Fibonacci.java:24)
	at day02.Fibonacci.getFib(Fibonacci.java:24)
	at day02.Fibonacci.getFib(Fibonacci.java:24)
	at day02.Fibonacci.getFib(Fibonacci.java:24)
	at day02.Fibonacci.getFib(Fibonacci.java:24)
	at day02.Fibonacci.getFib(Fibonacci.java:24)
	at day02.Fibonacci.getFib(Fibonacci.java:24)
	at day02.Fibonacci.getFib(Fibonacci.java:24)
	at day02.Fibonacci.getFib(Fibonacci.java:24)
	at day02.Fibonacci.getFib(Fibonacci.java:24)
	at day02.Fibonacci.getFib(Fibonacci.java:24)
	at day02.Fibonacci.getFib(Fibonacci.java:24)
	at day02.Fibonacci.getFib(Fibonacci.java:24)
	at day02.Fibonacci.getFib(Fibonacci.java:24)
	at day02.Fibonacci.getFib(Fibonacci.java:24)
	at day02.Fibonacci.getFib(Fibonacci.java:24)
	at day02.Fibonacci.getFib(Fibonacci.java:24)
	at day02.Fibonacci.getFib(Fibonacci.java:24)
	at day02.Fibonacci.getFib(Fibonacci.java:24)
	at day02.Fibonacci.getFib(Fibonacci.java:24)
	at day02.OverTimeTest.f(OverTimeTest.java:9)
	at java.util.concurrent.Executors$RunnableAdapter.call(Executors.java:511)
	at java.util.concurrent.FutureTask.run(FutureTask.java:266)
	at java.util.concurrent.ThreadPoolExecutor.runWorker(ThreadPoolExecutor.java:1149)
	at java.util.concurrent.ThreadPoolExecutor$Worker.run(ThreadPoolExecutor.java:624)
	at java.lang.Thread.run(Thread.java:748)
... Removed 7 stack frames]]>
    </failure>
  </testcase> <!-- f -->
  <testcase name="f" time="0.003" classname="day02.TestRandomEmailGenerator"/>
  <testcase name="f5" time="0.0" classname="day02.GroupTest"/>
</testsuite> <!-- Command line test -->
